  Cleaning FindRandomMapEditor and UnrealHeaderTool binaries...
  Creating makefile for FindRandomMapEditor (no existing makefile)
  Parsing headers for FindRandomMapEditor
    Running UnrealHeaderTool "F:\Programing\Usage\UDK\FindRandomMap\FindRandomMap.uproject" "F:\Programing\Usage\UDK\FindRandomMap\Intermediate\Build\Win64\FindRandomMapEditor\Development\FindRandomMapEditor.uhtmanifest" -LogCmds="loginit warning, logexit warning, logdatabase error" -Unattended -WarningsAsErrors -installed
  Reflection code generated for FindRandomMapEditor in 4.3627854 seconds
  Building FindRandomMapEditor...
  Using Visual Studio 2019 14.26.28805 toolchain (C:\Program Files (x86)\Microsoft Visual Studio\2019\Community\VC\Tools\MSVC\14.26.28801) and Windows 10.0.18362.0 SDK (C:\Program Files (x86)\Windows Kits\10).
  Building 26 actions with 8 processes...
    [1/26] Default.rc2
    [2/26] Default.rc2
    [3/26] Default.rc2
    [4/26] SharedPCH.Engine.ShadowErrors.cpp
    [5/26] PMG.cpp
    [6/26] MapGenerator.cpp
    [7/26] FindRandomMap.init.gen.cpp
    [8/26] MyActor.gen.cpp
    [9/26] FindRandomMapGameMode.gen.cpp
    [10/26] FindRandomMapGameMode.cpp
    [11/26] RoadFC.cpp
    [12/26] PMG.init.gen.cpp
    [13/26] FindRandomMapCharacter.gen.cpp
    [14/26] FindRandomMapCharacter.cpp
    [15/26] Test.cpp
    [16/26] RoadFC.init.gen.cpp
    [17/26] MyActor.cpp
    [18/26] FindRandomMap.cpp
    [19/26] Test.gen.cpp
    [20/26] UE4Editor-PMG.lib
       F:\Programing\Usage\UDK\FindRandomMap\Intermediate\Build\Win64\UE4Editor\Development\PMG\UE4Editor-PMG.lib 라이브러리 및 F:\Programing\Usage\UDK\FindRandomMap\Intermediate\Build\Win64\UE4Editor\Development\PMG\UE4Editor-PMG.exp 개체를 생성하고 있습니다.
    [21/26] UE4Editor-FindRandomMap.lib
       F:\Programing\Usage\UDK\FindRandomMap\Intermediate\Build\Win64\UE4Editor\Development\FindRandomMap\UE4Editor-FindRandomMap.lib 라이브러리 및 F:\Programing\Usage\UDK\FindRandomMap\Intermediate\Build\Win64\UE4Editor\Development\FindRandomMap\UE4Editor-FindRandomMap.exp 개체를 생성하고 있습니다.
    [22/26] UE4Editor-RoadFC.lib
       F:\Programing\Usage\UDK\FindRandomMap\Intermediate\Build\Win64\UE4Editor\Development\RoadFC\UE4Editor-RoadFC.lib 라이브러리 및 F:\Programing\Usage\UDK\FindRandomMap\Intermediate\Build\Win64\UE4Editor\Development\RoadFC\UE4Editor-RoadFC.exp 개체를 생성하고 있습니다.
    [23/26] UE4Editor-FindRandomMap.dll
       F:\Programing\Usage\UDK\FindRandomMap\Intermediate\Build\Win64\UE4Editor\Development\FindRandomMap\UE4Editor-FindRandomMap.suppressed.lib 라이브러리 및 F:\Programing\Usage\UDK\FindRandomMap\Intermediate\Build\Win64\UE4Editor\Development\FindRandomMap\UE4Editor-FindRandomMap.suppressed.exp 개체를 생성하고 있습니다.
    [24/26] UE4Editor-RoadFC.dll
       F:\Programing\Usage\UDK\FindRandomMap\Intermediate\Build\Win64\UE4Editor\Development\RoadFC\UE4Editor-RoadFC.suppressed.lib 라이브러리 및 F:\Programing\Usage\UDK\FindRandomMap\Intermediate\Build\Win64\UE4Editor\Development\RoadFC\UE4Editor-RoadFC.suppressed.exp 개체를 생성하고 있습니다.
    [25/26] UE4Editor-PMG.dll
       F:\Programing\Usage\UDK\FindRandomMap\Intermediate\Build\Win64\UE4Editor\Development\PMG\UE4Editor-PMG.suppressed.lib 라이브러리 및 F:\Programing\Usage\UDK\FindRandomMap\Intermediate\Build\Win64\UE4Editor\Development\PMG\UE4Editor-PMG.suppressed.exp 개체를 생성하고 있습니다.
    [26/26] FindRandomMapEditor.target
  Total time in Parallel executor: 14.41 seconds
  Total execution time: 20.19 seconds
